<?xml version="1.0" encoding="UTF-8"?>
<testsuite xmlns:xsi="http://www.w3.org/2001/XMLSchema-instance" xsi:noNamespaceSchemaLocation="https://maven.apache.org/surefire/maven-surefire-plugin/xsd/surefire-test-report.xsd" version="3.0.1" name="my.domain.name.FBlogin.TestRunner" time="9.495" tests="2" errors="0" skipped="0" failures="2">
  <properties>
[...]
</properties>
  <testcase name="Test Facebook login #1" classname="Test Facebook Login" time="3.207">
    <failure type="java.lang.AssertionError"><![CDATA[java.lang.AssertionError
	at my.domain.name.FBlogin.steps.LoginSteps.i_should_be_able_to_login_successfully(LoginSteps.java:52)
	at ✽.I should be able to login successfully(classpath:my/domain/name/FBlogin/feature/login.feature:6)
]]></failure>
    <system-err><![CDATA[Starting ChromeDriver 134.0.6998.35 (ea6ef4c2ac15ae95d2cfd65682da62c093415099-refs/branch-heads/6998@{#1472}) on port 61451
Only local connections are allowed.
Please see https://chromedriver.chromium.org/security-considerations for suggestions on keeping ChromeDriver safe.
ChromeDriver was started successfully on port 61451.
Mar. 07, 2025 2:42:46 P.M. org.openqa.selenium.remote.ProtocolHandshake createSession
INFO: Detected dialect: W3C
]]></system-err>
  </testcase>
  <testcase name="Test Facebook login #2" classname="Test Facebook Login" time="6.234">
    <failure type="java.lang.AssertionError"><![CDATA[java.lang.AssertionError
	at my.domain.name.FBlogin.steps.LoginSteps.i_should_be_able_to_login_successfully(LoginSteps.java:52)
	at ✽.I should be able to login successfully(classpath:my/domain/name/FBlogin/feature/login.feature:6)
]]></failure>
    <system-err><![CDATA[Starting ChromeDriver 134.0.6998.35 (ea6ef4c2ac15ae95d2cfd65682da62c093415099-refs/branch-heads/6998@{#1472}) on port 26383
Only local connections are allowed.
Please see https://chromedriver.chromium.org/security-considerations for suggestions on keeping ChromeDriver safe.
ChromeDriver was started successfully on port 26383.
Mar. 07, 2025 2:42:49 P.M. org.openqa.selenium.remote.ProtocolHandshake createSession
INFO: Detected dialect: W3C
]]></system-err>
  </testcase>
</testsuite>